
> www@0.1.0 check-types /home/ag/code/www
> tsc --noEmit

[91merror[0m[90m TS6053: [0mFile '/home/ag/code/www/.next/types/app/(more)/anime/page.ts' not found.
  The file is in the program because:
    Matched by include pattern '.next/types/**/*.ts' in '/home/ag/code/www/tsconfig.json'

  [96mtsconfig.json[0m:[93m36[0m:[93m5[0m
    [7m36[0m     ".next/types/**/*.ts"
    [7m  [0m [96m    ~~~~~~~~~~~~~~~~~~~~~[0m
    File is matched by include pattern specified here.

[91merror[0m[90m TS6053: [0mFile '/home/ag/code/www/.next/types/app/(more)/books/page.ts' not found.
  The file is in the program because:
    Matched by include pattern '.next/types/**/*.ts' in '/home/ag/code/www/tsconfig.json'

  [96mtsconfig.json[0m:[93m36[0m:[93m5[0m
    [7m36[0m     ".next/types/**/*.ts"
    [7m  [0m [96m    ~~~~~~~~~~~~~~~~~~~~~[0m
    File is matched by include pattern specified here.

[91merror[0m[90m TS6053: [0mFile '/home/ag/code/www/.next/types/app/(more)/faqs/page.ts' not found.
  The file is in the program because:
    Matched by include pattern '.next/types/**/*.ts' in '/home/ag/code/www/tsconfig.json'

  [96mtsconfig.json[0m:[93m36[0m:[93m5[0m
    [7m36[0m     ".next/types/**/*.ts"
    [7m  [0m [96m    ~~~~~~~~~~~~~~~~~~~~~[0m
    File is matched by include pattern specified here.

[91merror[0m[90m TS6053: [0mFile '/home/ag/code/www/.next/types/app/(more)/layout.ts' not found.
  The file is in the program because:
    Matched by include pattern '.next/types/**/*.ts' in '/home/ag/code/www/tsconfig.json'

  [96mtsconfig.json[0m:[93m36[0m:[93m5[0m
    [7m36[0m     ".next/types/**/*.ts"
    [7m  [0m [96m    ~~~~~~~~~~~~~~~~~~~~~[0m
    File is matched by include pattern specified here.

[91merror[0m[90m TS6053: [0mFile '/home/ag/code/www/.next/types/app/(more)/music/page.ts' not found.
  The file is in the program because:
    Matched by include pattern '.next/types/**/*.ts' in '/home/ag/code/www/tsconfig.json'

  [96mtsconfig.json[0m:[93m36[0m:[93m5[0m
    [7m36[0m     ".next/types/**/*.ts"
    [7m  [0m [96m    ~~~~~~~~~~~~~~~~~~~~~[0m
    File is matched by include pattern specified here.

[91merror[0m[90m TS6053: [0mFile '/home/ag/code/www/.next/types/app/(more)/nsfw/page.ts' not found.
  The file is in the program because:
    Matched by include pattern '.next/types/**/*.ts' in '/home/ag/code/www/tsconfig.json'

  [96mtsconfig.json[0m:[93m36[0m:[93m5[0m
    [7m36[0m     ".next/types/**/*.ts"
    [7m  [0m [96m    ~~~~~~~~~~~~~~~~~~~~~[0m
    File is matched by include pattern specified here.

[91merror[0m[90m TS6053: [0mFile '/home/ag/code/www/.next/types/app/(more)/papers/page.ts' not found.
  The file is in the program because:
    Matched by include pattern '.next/types/**/*.ts' in '/home/ag/code/www/tsconfig.json'

  [96mtsconfig.json[0m:[93m36[0m:[93m5[0m
    [7m36[0m     ".next/types/**/*.ts"
    [7m  [0m [96m    ~~~~~~~~~~~~~~~~~~~~~[0m
    File is matched by include pattern specified here.

[91merror[0m[90m TS6053: [0mFile '/home/ag/code/www/.next/types/app/(more)/stats/page.ts' not found.
  The file is in the program because:
    Matched by include pattern '.next/types/**/*.ts' in '/home/ag/code/www/tsconfig.json'

  [96mtsconfig.json[0m:[93m36[0m:[93m5[0m
    [7m36[0m     ".next/types/**/*.ts"
    [7m  [0m [96m    ~~~~~~~~~~~~~~~~~~~~~[0m
    File is matched by include pattern specified here.

[91merror[0m[90m TS6053: [0mFile '/home/ag/code/www/.next/types/app/(more)/uses/page.ts' not found.
  The file is in the program because:
    Matched by include pattern '.next/types/**/*.ts' in '/home/ag/code/www/tsconfig.json'

  [96mtsconfig.json[0m:[93m36[0m:[93m5[0m
    [7m36[0m     ".next/types/**/*.ts"
    [7m  [0m [96m    ~~~~~~~~~~~~~~~~~~~~~[0m
    File is matched by include pattern specified here.

[91merror[0m[90m TS6053: [0mFile '/home/ag/code/www/.next/types/app/(more)/work/page.ts' not found.
  The file is in the program because:
    Matched by include pattern '.next/types/**/*.ts' in '/home/ag/code/www/tsconfig.json'

  [96mtsconfig.json[0m:[93m36[0m:[93m5[0m
    [7m36[0m     ".next/types/**/*.ts"
    [7m  [0m [96m    ~~~~~~~~~~~~~~~~~~~~~[0m
    File is matched by include pattern specified here.

[91merror[0m[90m TS6053: [0mFile '/home/ag/code/www/.next/types/app/admin/page.ts' not found.
  The file is in the program because:
    Matched by include pattern '.next/types/**/*.ts' in '/home/ag/code/www/tsconfig.json'

  [96mtsconfig.json[0m:[93m36[0m:[93m5[0m
    [7m36[0m     ".next/types/**/*.ts"
    [7m  [0m [96m    ~~~~~~~~~~~~~~~~~~~~~[0m
    File is matched by include pattern specified here.

[91merror[0m[90m TS6053: [0mFile '/home/ag/code/www/.next/types/app/api/discord/route.ts' not found.
  The file is in the program because:
    Matched by include pattern '.next/types/**/*.ts' in '/home/ag/code/www/tsconfig.json'

  [96mtsconfig.json[0m:[93m36[0m:[93m5[0m
    [7m36[0m     ".next/types/**/*.ts"
    [7m  [0m [96m    ~~~~~~~~~~~~~~~~~~~~~[0m
    File is matched by include pattern specified here.

[91merror[0m[90m TS6053: [0mFile '/home/ag/code/www/.next/types/app/api/lastfm/latest/route.ts' not found.
  The file is in the program because:
    Matched by include pattern '.next/types/**/*.ts' in '/home/ag/code/www/tsconfig.json'

  [96mtsconfig.json[0m:[93m36[0m:[93m5[0m
    [7m36[0m     ".next/types/**/*.ts"
    [7m  [0m [96m    ~~~~~~~~~~~~~~~~~~~~~[0m
    File is matched by include pattern specified here.

[91merror[0m[90m TS6053: [0mFile '/home/ag/code/www/.next/types/app/api/letterboxd/latest/route.ts' not found.
  The file is in the program because:
    Matched by include pattern '.next/types/**/*.ts' in '/home/ag/code/www/tsconfig.json'

  [96mtsconfig.json[0m:[93m36[0m:[93m5[0m
    [7m36[0m     ".next/types/**/*.ts"
    [7m  [0m [96m    ~~~~~~~~~~~~~~~~~~~~~[0m
    File is matched by include pattern specified here.

[91merror[0m[90m TS6053: [0mFile '/home/ag/code/www/.next/types/app/api/og/route.ts' not found.
  The file is in the program because:
    Matched by include pattern '.next/types/**/*.ts' in '/home/ag/code/www/tsconfig.json'

  [96mtsconfig.json[0m:[93m36[0m:[93m5[0m
    [7m36[0m     ".next/types/**/*.ts"
    [7m  [0m [96m    ~~~~~~~~~~~~~~~~~~~~~[0m
    File is matched by include pattern specified here.

[91merror[0m[90m TS6053: [0mFile '/home/ag/code/www/.next/types/app/notes/[slug]/page.ts' not found.
  The file is in the program because:
    Matched by include pattern '.next/types/**/*.ts' in '/home/ag/code/www/tsconfig.json'

  [96mtsconfig.json[0m:[93m36[0m:[93m5[0m
    [7m36[0m     ".next/types/**/*.ts"
    [7m  [0m [96m    ~~~~~~~~~~~~~~~~~~~~~[0m
    File is matched by include pattern specified here.

[91merror[0m[90m TS6053: [0mFile '/home/ag/code/www/.next/types/app/notes/page.ts' not found.
  The file is in the program because:
    Matched by include pattern '.next/types/**/*.ts' in '/home/ag/code/www/tsconfig.json'

  [96mtsconfig.json[0m:[93m36[0m:[93m5[0m
    [7m36[0m     ".next/types/**/*.ts"
    [7m  [0m [96m    ~~~~~~~~~~~~~~~~~~~~~[0m
    File is matched by include pattern specified here.

[91merror[0m[90m TS6053: [0mFile '/home/ag/code/www/.next/types/app/page.ts' not found.
  The file is in the program because:
    Matched by include pattern '.next/types/**/*.ts' in '/home/ag/code/www/tsconfig.json'

  [96mtsconfig.json[0m:[93m36[0m:[93m5[0m
    [7m36[0m     ".next/types/**/*.ts"
    [7m  [0m [96m    ~~~~~~~~~~~~~~~~~~~~~[0m
    File is matched by include pattern specified here.

[91merror[0m[90m TS6053: [0mFile '/home/ag/code/www/.next/types/app/rss.xml/route.ts' not found.
  The file is in the program because:
    Matched by include pattern '.next/types/**/*.ts' in '/home/ag/code/www/tsconfig.json'

  [96mtsconfig.json[0m:[93m36[0m:[93m5[0m
    [7m36[0m     ".next/types/**/*.ts"
    [7m  [0m [96m    ~~~~~~~~~~~~~~~~~~~~~[0m
    File is matched by include pattern specified here.


Found 19 errors.

[41m[30mâ€‰ELIFECYCLEâ€‰[39m[49m [31mCommand failed with exit code 1.[39m
